Loading required package: Matrix
code for methods in class "Rcpp_AnnoyAngular" was not checked for suspicious field assignments (recommended package 'codetools' not available?)
code for methods in class "Rcpp_AnnoyAngular" was not checked for suspicious field assignments (recommended package 'codetools' not available?)
code for methods in class "Rcpp_AnnoyEuclidean" was not checked for suspicious field assignments (recommended package 'codetools' not available?)
code for methods in class "Rcpp_AnnoyEuclidean" was not checked for suspicious field assignments (recommended package 'codetools' not available?)
code for methods in class "Rcpp_AnnoyManhattan" was not checked for suspicious field assignments (recommended package 'codetools' not available?)
code for methods in class "Rcpp_AnnoyManhattan" was not checked for suspicious field assignments (recommended package 'codetools' not available?)
code for methods in class "Rcpp_AnnoyHamming" was not checked for suspicious field assignments (recommended package 'codetools' not available?)
code for methods in class "Rcpp_AnnoyHamming" was not checked for suspicious field assignments (recommended package 'codetools' not available?)
code for methods in class "Rcpp_AnnoyAngular" was not checked for suspicious field assignments (recommended package 'codetools' not available?)
code for methods in class "Rcpp_AnnoyAngular" was not checked for suspicious field assignments (recommended package 'codetools' not available?)
code for methods in class "Rcpp_AnnoyEuclidean" was not checked for suspicious field assignments (recommended package 'codetools' not available?)
code for methods in class "Rcpp_AnnoyEuclidean" was not checked for suspicious field assignments (recommended package 'codetools' not available?)
code for methods in class "Rcpp_AnnoyManhattan" was not checked for suspicious field assignments (recommended package 'codetools' not available?)
code for methods in class "Rcpp_AnnoyManhattan" was not checked for suspicious field assignments (recommended package 'codetools' not available?)
code for methods in class "Rcpp_AnnoyHamming" was not checked for suspicious field assignments (recommended package 'codetools' not available?)
code for methods in class "Rcpp_AnnoyHamming" was not checked for suspicious field assignments (recommended package 'codetools' not available?)
code for methods in class "Rcpp_AnnoyAngular" was not checked for suspicious field assignments (recommended package 'codetools' not available?)
code for methods in class "Rcpp_AnnoyAngular" was not checked for suspicious field assignments (recommended package 'codetools' not available?)
code for methods in class "Rcpp_AnnoyEuclidean" was not checked for suspicious field assignments (recommended package 'codetools' not available?)
code for methods in class "Rcpp_AnnoyEuclidean" was not checked for suspicious field assignments (recommended package 'codetools' not available?)
code for methods in class "Rcpp_AnnoyManhattan" was not checked for suspicious field assignments (recommended package 'codetools' not available?)
code for methods in class "Rcpp_AnnoyManhattan" was not checked for suspicious field assignments (recommended package 'codetools' not available?)
code for methods in class "Rcpp_AnnoyHamming" was not checked for suspicious field assignments (recommended package 'codetools' not available?)
code for methods in class "Rcpp_AnnoyHamming" was not checked for suspicious field assignments (recommended package 'codetools' not available?)
code for methods in class "Rcpp_AnnoyAngular" was not checked for suspicious field assignments (recommended package 'codetools' not available?)
code for methods in class "Rcpp_AnnoyAngular" was not checked for suspicious field assignments (recommended package 'codetools' not available?)
code for methods in class "Rcpp_AnnoyEuclidean" was not checked for suspicious field assignments (recommended package 'codetools' not available?)
code for methods in class "Rcpp_AnnoyEuclidean" was not checked for suspicious field assignments (recommended package 'codetools' not available?)
code for methods in class "Rcpp_AnnoyManhattan" was not checked for suspicious field assignments (recommended package 'codetools' not available?)
code for methods in class "Rcpp_AnnoyManhattan" was not checked for suspicious field assignments (recommended package 'codetools' not available?)
code for methods in class "Rcpp_AnnoyHamming" was not checked for suspicious field assignments (recommended package 'codetools' not available?)
code for methods in class "Rcpp_AnnoyHamming" was not checked for suspicious field assignments (recommended package 'codetools' not available?)
